[32m2026-04-28 15:58:48 +0300[0m - dagster - [34mDEBUG[0m - ecommerce_pipeline_job - 74a405e8-b89f-4bc7-99b1-efaa4599b1b8 - 399712 - LOGS_CAPTURED - Started capturing logs in process (pid: 399712).
[32m2026-04-28 15:58:48 +0300[0m - dagster - [34mDEBUG[0m - ecommerce_pipeline_job - 74a405e8-b89f-4bc7-99b1-efaa4599b1b8 - 399712 - raw_ecommerce_data - STEP_START - Started execution of step "raw_ecommerce_data".
[32m2026-04-28 15:58:48 +0300[0m - dagster - [34mINFO[0m - ecommerce_pipeline_job - 74a405e8-b89f-4bc7-99b1-efaa4599b1b8 - raw_ecommerce_data - 🛒 Starting e-commerce dlt ingestion...
[32m2026-04-28 15:58:50 +0300[0m - dagster - [34mINFO[0m - ecommerce_pipeline_job - 74a405e8-b89f-4bc7-99b1-efaa4599b1b8 - raw_ecommerce_data - 🛒 Running e-commerce pipeline...
✅ Done: Pipeline ecommerce_pipeline load step completed in 0.40 seconds
1 load package(s) were loaded to destination duckdb and into dataset raw_ecommerce
The duckdb destination used duckdb:////home/andrei/de-portfolio/data/processed/ecommerce.duckdb location to store data
Load package 1777381129.6883307 is LOADED and contains no failed jobs

📦 Products:  45
👥 Customers: 500
🧾 Orders:    2,463

📊 Revenue by category:
        category  orders  revenue_eur  profit_eur
0    Electronics     262    487224.63   202178.21
1  Home & Garden     302    151130.27    63203.91
2         Sports     297    134885.77    54859.48
3       Clothing     309     66725.43    33711.16
4          Books     276     21562.04     9224.01

[32m2026-04-28 15:58:50 +0300[0m - dagster - [34mINFO[0m - ecommerce_pipeline_job - 74a405e8-b89f-4bc7-99b1-efaa4599b1b8 - raw_ecommerce_data - ✅ Raw e-commerce data loaded
[32m2026-04-28 15:58:50 +0300[0m - dagster - [34mDEBUG[0m - ecommerce_pipeline_job - 74a405e8-b89f-4bc7-99b1-efaa4599b1b8 - 399712 - raw_ecommerce_data - STEP_OUTPUT - Yielded output "result" of type "Any". (Type check passed).
[32m2026-04-28 15:58:50 +0300[0m - dagster - [34mDEBUG[0m - ecommerce_pipeline_job - 74a405e8-b89f-4bc7-99b1-efaa4599b1b8 - raw_ecommerce_data - Writing file at: /home/andrei/de-portfolio/dagster_energy/.tmp_dagster_home_h8prnmho/storage/raw_ecommerce_data using PickledObjectFilesystemIOManager...
[32m2026-04-28 15:58:50 +0300[0m - dagster - [34mDEBUG[0m - ecommerce_pipeline_job - 74a405e8-b89f-4bc7-99b1-efaa4599b1b8 - 399712 - raw_ecommerce_data - ASSET_MATERIALIZATION - Materialized value raw_ecommerce_data.
[32m2026-04-28 15:58:50 +0300[0m - dagster - [34mDEBUG[0m - ecommerce_pipeline_job - 74a405e8-b89f-4bc7-99b1-efaa4599b1b8 - 399712 - raw_ecommerce_data - HANDLED_OUTPUT - Handled output "result" using IO manager "io_manager"
[32m2026-04-28 15:58:50 +0300[0m - dagster - [34mDEBUG[0m - ecommerce_pipeline_job - 74a405e8-b89f-4bc7-99b1-efaa4599b1b8 - 399712 - raw_ecommerce_data - STEP_SUCCESS - Finished execution of step "raw_ecommerce_data" in 2.55s.
