[32m2026-04-28 16:12:01 +0300[0m - dagster - [34mDEBUG[0m - weather_pipeline_job - 004e181e-4a8b-44e2-93a9-be0b33cfa24d - 412498 - LOGS_CAPTURED - Started capturing logs in process (pid: 412498).
[32m2026-04-28 16:12:01 +0300[0m - dagster - [34mDEBUG[0m - weather_pipeline_job - 004e181e-4a8b-44e2-93a9-be0b33cfa24d - 412498 - stg_weather - STEP_START - Started execution of step "stg_weather".
[32m2026-04-28 16:12:01 +0300[0m - dagster - [34mINFO[0m - weather_pipeline_job - 004e181e-4a8b-44e2-93a9-be0b33cfa24d - stg_weather - 🔧 Running dbt staging model...
[32m2026-04-28 16:12:04 +0300[0m - dagster - [34mINFO[0m - weather_pipeline_job - 004e181e-4a8b-44e2-93a9-be0b33cfa24d - stg_weather - [0m13:12:02  Running with dbt=1.11.8
[0m13:12:03  Registered adapter: duckdb=1.10.1
[0m13:12:03  Found 2 models, 4 data tests, 476 macros
[0m13:12:03  
[0m13:12:03  Concurrency: 1 threads (target='dev')
[0m13:12:03  
[0m13:12:03  1 of 1 START sql view model staging.stg_weather ................................ [RUN]
[0m13:12:03  1 of 1 OK created sql view model staging.stg_weather ........................... [[32mOK[0m in 0.09s]
[0m13:12:03  
[0m13:12:03  Finished running 1 view model in 0 hours 0 minutes and 0.21 seconds (0.21s).
[0m13:12:03  
[0m13:12:03  [32mCompleted successfully[0m
[0m13:12:03  
[0m13:12:03  Done. PASS=1 WARN=0 ERROR=0 SKIP=0 NO-OP=0 TOTAL=1

[32m2026-04-28 16:12:04 +0300[0m - dagster - [34mINFO[0m - weather_pipeline_job - 004e181e-4a8b-44e2-93a9-be0b33cfa24d - stg_weather - ✅ Staging model ready
[32m2026-04-28 16:12:04 +0300[0m - dagster - [34mDEBUG[0m - weather_pipeline_job - 004e181e-4a8b-44e2-93a9-be0b33cfa24d - 412498 - stg_weather - STEP_OUTPUT - Yielded output "result" of type "Any". (Type check passed).
[32m2026-04-28 16:12:04 +0300[0m - dagster - [34mDEBUG[0m - weather_pipeline_job - 004e181e-4a8b-44e2-93a9-be0b33cfa24d - stg_weather - Writing file at: /home/andrei/de-portfolio/dagster_energy/.tmp_dagster_home_sljjs7io/storage/stg_weather using PickledObjectFilesystemIOManager...
[32m2026-04-28 16:12:04 +0300[0m - dagster - [34mDEBUG[0m - weather_pipeline_job - 004e181e-4a8b-44e2-93a9-be0b33cfa24d - 412498 - stg_weather - ASSET_MATERIALIZATION - Materialized value stg_weather.
[32m2026-04-28 16:12:04 +0300[0m - dagster - [34mDEBUG[0m - weather_pipeline_job - 004e181e-4a8b-44e2-93a9-be0b33cfa24d - 412498 - stg_weather - HANDLED_OUTPUT - Handled output "result" using IO manager "io_manager"
[32m2026-04-28 16:12:04 +0300[0m - dagster - [34mDEBUG[0m - weather_pipeline_job - 004e181e-4a8b-44e2-93a9-be0b33cfa24d - 412498 - stg_weather - STEP_SUCCESS - Finished execution of step "stg_weather" in 3.63s.
