[32m2026-04-28 16:11:56 +0300[0m - dagster - [34mDEBUG[0m - weather_pipeline_job - 004e181e-4a8b-44e2-93a9-be0b33cfa24d - 412176 - LOGS_CAPTURED - Started capturing logs in process (pid: 412176).
[32m2026-04-28 16:11:56 +0300[0m - dagster - [34mDEBUG[0m - weather_pipeline_job - 004e181e-4a8b-44e2-93a9-be0b33cfa24d - 412176 - raw_weather_data - STEP_START - Started execution of step "raw_weather_data".
[32m2026-04-28 16:11:56 +0300[0m - dagster - [34mINFO[0m - weather_pipeline_job - 004e181e-4a8b-44e2-93a9-be0b33cfa24d - raw_weather_data - 🌦️ Fetching real weather data from Open-Meteo...
[32m2026-04-28 16:11:59 +0300[0m - dagster - [34mINFO[0m - weather_pipeline_job - 004e181e-4a8b-44e2-93a9-be0b33cfa24d - raw_weather_data - 🌦️ Fetching real weather data for Romanian cities...
  Fetching Bucharest...
  Fetching Cluj-Napoca...
  Fetching Iasi...
  Fetching Timisoara...
  Fetching Constanta...
✅ Done: Pipeline weather_pipeline load step completed in 0.54 seconds
1 load package(s) were loaded to destination duckdb and into dataset raw_weather
The duckdb destination used duckdb:////home/andrei/de-portfolio/data/processed/weather.duckdb location to store data
Load package 1777381917.1797767 is LOADED and contains no failed jobs

📊 Total rows: 3,720

🌡️ Average temperature by city (last 7 days):
          city  avg_temp_c  max_temp_c  min_temp_c  avg_humidity_pct  total_rain_mm
0    Timisoara        14.1        23.6         4.4              41.6            0.0
1    Bucharest        12.9        26.3         4.3              51.7            1.1
2    Constanta        12.2        24.5         6.1              60.5            2.5
3         Iasi        10.6        20.8         1.9              51.2            3.7
4  Cluj-Napoca        10.5        20.9         2.0              50.7            5.0

[32m2026-04-28 16:11:59 +0300[0m - dagster - [34mINFO[0m - weather_pipeline_job - 004e181e-4a8b-44e2-93a9-be0b33cfa24d - raw_weather_data - ✅ Weather data loaded
[32m2026-04-28 16:11:59 +0300[0m - dagster - [34mDEBUG[0m - weather_pipeline_job - 004e181e-4a8b-44e2-93a9-be0b33cfa24d - 412176 - raw_weather_data - STEP_OUTPUT - Yielded output "result" of type "Any". (Type check passed).
[32m2026-04-28 16:11:59 +0300[0m - dagster - [34mDEBUG[0m - weather_pipeline_job - 004e181e-4a8b-44e2-93a9-be0b33cfa24d - raw_weather_data - Writing file at: /home/andrei/de-portfolio/dagster_energy/.tmp_dagster_home_sljjs7io/storage/raw_weather_data using PickledObjectFilesystemIOManager...
[32m2026-04-28 16:11:59 +0300[0m - dagster - [34mDEBUG[0m - weather_pipeline_job - 004e181e-4a8b-44e2-93a9-be0b33cfa24d - 412176 - raw_weather_data - ASSET_MATERIALIZATION - Materialized value raw_weather_data.
[32m2026-04-28 16:11:59 +0300[0m - dagster - [34mDEBUG[0m - weather_pipeline_job - 004e181e-4a8b-44e2-93a9-be0b33cfa24d - 412176 - raw_weather_data - HANDLED_OUTPUT - Handled output "result" using IO manager "io_manager"
[32m2026-04-28 16:11:59 +0300[0m - dagster - [34mDEBUG[0m - weather_pipeline_job - 004e181e-4a8b-44e2-93a9-be0b33cfa24d - 412176 - raw_weather_data - STEP_SUCCESS - Finished execution of step "raw_weather_data" in 3.55s.
