[32m2026-04-28 16:12:06 +0300[0m - dagster - [34mDEBUG[0m - weather_pipeline_job - 004e181e-4a8b-44e2-93a9-be0b33cfa24d - 412765 - LOGS_CAPTURED - Started capturing logs in process (pid: 412765).
[32m2026-04-28 16:12:06 +0300[0m - dagster - [34mDEBUG[0m - weather_pipeline_job - 004e181e-4a8b-44e2-93a9-be0b33cfa24d - 412765 - mart_weather_daily - STEP_START - Started execution of step "mart_weather_daily".
[32m2026-04-28 16:12:06 +0300[0m - dagster - [34mINFO[0m - weather_pipeline_job - 004e181e-4a8b-44e2-93a9-be0b33cfa24d - mart_weather_daily - 📊 Running dbt mart model...
[32m2026-04-28 16:12:09 +0300[0m - dagster - [34mINFO[0m - weather_pipeline_job - 004e181e-4a8b-44e2-93a9-be0b33cfa24d - mart_weather_daily - [0m13:12:07  Running with dbt=1.11.8
[0m13:12:08  Registered adapter: duckdb=1.10.1
[0m13:12:08  Found 2 models, 4 data tests, 476 macros
[0m13:12:08  
[0m13:12:08  Concurrency: 1 threads (target='dev')
[0m13:12:08  
[0m13:12:08  1 of 1 START sql table model marts.mart_weather_daily .......................... [RUN]
[0m13:12:08  1 of 1 OK created sql table model marts.mart_weather_daily ..................... [[32mOK[0m in 0.11s]
[0m13:12:08  
[0m13:12:08  Finished running 1 table model in 0 hours 0 minutes and 0.22 seconds (0.22s).
[0m13:12:08  
[0m13:12:08  [32mCompleted successfully[0m
[0m13:12:08  
[0m13:12:08  Done. PASS=1 WARN=0 ERROR=0 SKIP=0 NO-OP=0 TOTAL=1

[32m2026-04-28 16:12:09 +0300[0m - dagster - [34mINFO[0m - weather_pipeline_job - 004e181e-4a8b-44e2-93a9-be0b33cfa24d - mart_weather_daily - ✅ Weather mart ready for Looker Studio
[32m2026-04-28 16:12:09 +0300[0m - dagster - [34mDEBUG[0m - weather_pipeline_job - 004e181e-4a8b-44e2-93a9-be0b33cfa24d - 412765 - mart_weather_daily - STEP_OUTPUT - Yielded output "result" of type "Any". (Type check passed).
[32m2026-04-28 16:12:09 +0300[0m - dagster - [34mDEBUG[0m - weather_pipeline_job - 004e181e-4a8b-44e2-93a9-be0b33cfa24d - mart_weather_daily - Writing file at: /home/andrei/de-portfolio/dagster_energy/.tmp_dagster_home_sljjs7io/storage/mart_weather_daily using PickledObjectFilesystemIOManager...
[32m2026-04-28 16:12:09 +0300[0m - dagster - [34mDEBUG[0m - weather_pipeline_job - 004e181e-4a8b-44e2-93a9-be0b33cfa24d - 412765 - mart_weather_daily - ASSET_MATERIALIZATION - Materialized value mart_weather_daily.
[32m2026-04-28 16:12:09 +0300[0m - dagster - [34mDEBUG[0m - weather_pipeline_job - 004e181e-4a8b-44e2-93a9-be0b33cfa24d - 412765 - mart_weather_daily - HANDLED_OUTPUT - Handled output "result" using IO manager "io_manager"
[32m2026-04-28 16:12:10 +0300[0m - dagster - [34mDEBUG[0m - weather_pipeline_job - 004e181e-4a8b-44e2-93a9-be0b33cfa24d - 412765 - mart_weather_daily - STEP_SUCCESS - Finished execution of step "mart_weather_daily" in 3.6s.
